#
# There is insufficient memory for the Java Runtime Environment to continue.
# Native memory allocation (malloc) failed to allocate 1412944 bytes for Chunk::new
# Possible reasons:
#   The system is out of physical RAM or swap space
#   The process is running with CompressedOops enabled, and the Java Heap may be blocking the growth of the native heap
# Possible solutions:
#   Reduce memory load on the system
#   Increase physical memory or swap space
#   Check if swap backing store is full
#   Decrease Java heap size (-Xmx/-Xms)
#   Decrease number of Java threads
#   Decrease Java thread stack sizes (-Xss)
#   Set larger code cache with -XX:ReservedCodeCacheSize=
#   JVM is running with Unscaled Compressed Oops mode in which the Java heap is
#     placed in the first 4GB address space. The Java Heap base address is the
#     maximum limit for the native heap growth. Please use -XX:HeapBaseMinAddress
#     to set the Java Heap base and to place the Java Heap above 4GB virtual address.
# This output file may be truncated or incomplete.
#
#  Out of Memory Error (arena.cpp:189), pid=5484, tid=9280
#
# JRE version: OpenJDK Runtime Environment (17.0.6) (build 17.0.6+0-b2043.56-9586694)
# Java VM: OpenJDK 64-Bit Server VM (17.0.6+0-b2043.56-9586694, mixed mode, tiered, compressed oops, compressed class ptrs, g1 gc, windows-amd64)
# No core dump will be written. Minidumps are not enabled by default on client versions of Windows
#

---------------  S U M M A R Y ------------

Command Line: org.jetbrains.kotlin.cli.jvm.K2JVMCompiler @C:\Users\Gamer\AndroidStudioProjects\MeditationApp\app\build\20230730_17441964377855227033.compiler.options

Host: Intel(R) Core(TM) i7 CPU         860  @ 2.80GHz, 8 cores, 3G,  Windows 10 , 64 bit Build 19041 (10.0.19041.3031)
Time: Sun Jul 30 14:54:44 2023  Windows 10 , 64 bit Build 19041 (10.0.19041.3031) elapsed time: 8.144874 seconds (0d 0h 0m 8s)

---------------  T H R E A D  ---------------

Current thread (0x00000169e0e692a0):  JavaThread "C2 CompilerThread0" daemon [_thread_in_native, id=9280, stack(0x000000343f200000,0x000000343f300000)]


Current CompileTask:
C2:   8144 4046       4       org.jetbrains.org.objectweb.asm.ClassReader::readMethod (1061 bytes)

Stack: [0x000000343f200000,0x000000343f300000]
Native frames: (J=compiled Java code, j=interpreted, Vv=VM code, C=native code)
V  [jvm.dll+0x683b4a]
V  [jvm.dll+0x842654]
V  [jvm.dll+0x843dfe]
V  [jvm.dll+0x844463]
V  [jvm.dll+0x249b75]
V  [jvm.dll+0xabcac]
V  [jvm.dll+0xac27c]
V  [jvm.dll+0x368857]
V  [jvm.dll+0x1bd0b8]
V  [jvm.dll+0x21c359]
V  [jvm.dll+0x21b621]
V  [jvm.dll+0x1a4fdd]
V  [jvm.dll+0x22b098]
V  [jvm.dll+0x229159]
V  [jvm.dll+0x7f809c]
V  [jvm.dll+0x7f25fa]
V  [jvm.dll+0x682985]
C  [ucrtbase.dll+0x21bb2]
C  [KERNEL32.DLL+0x17614]
C  [ntdll.dll+0x526f1]


---------------  P R O C E S S  ---------------

Threads class SMR info:
_java_thread_list=0x00000169e1925410, length=12, elements={
0x00000169c9626050, 0x00000169e0e41de0, 0x00000169e0e42c50, 0x00000169e0e645a0,
0x00000169e0e65150, 0x00000169e0e67c10, 0x00000169e0e685c0, 0x00000169e0e692a0,
0x00000169e0e9e540, 0x00000169e0ea1720, 0x00000169e196cd60, 0x00000169e19794f0
}

Java Threads: ( => current thread )
  0x00000169c9626050 JavaThread "main" [_thread_in_Java, id=1616, stack(0x000000343e500000,0x000000343e600000)]
  0x00000169e0e41de0 JavaThread "Reference Handler" daemon [_thread_blocked, id=408, stack(0x000000343ec00000,0x000000343ed00000)]
  0x00000169e0e42c50 JavaThread "Finalizer" daemon [_thread_blocked, id=5712, stack(0x000000343ed00000,0x000000343ee00000)]
  0x00000169e0e645a0 JavaThread "Signal Dispatcher" daemon [_thread_blocked, id=3036, stack(0x000000343ee00000,0x000000343ef00000)]
  0x00000169e0e65150 JavaThread "Attach Listener" daemon [_thread_blocked, id=9484, stack(0x000000343ef00000,0x000000343f000000)]
  0x00000169e0e67c10 JavaThread "Service Thread" daemon [_thread_blocked, id=4408, stack(0x000000343f000000,0x000000343f100000)]
  0x00000169e0e685c0 JavaThread "Monitor Deflation Thread" daemon [_thread_blocked, id=7792, stack(0x000000343f100000,0x000000343f200000)]
=>0x00000169e0e692a0 JavaThread "C2 CompilerThread0" daemon [_thread_in_native, id=9280, stack(0x000000343f200000,0x000000343f300000)]
  0x00000169e0e9e540 JavaThread "C1 CompilerThread0" daemon [_thread_in_native, id=14516, stack(0x000000343f300000,0x000000343f400000)]
  0x00000169e0ea1720 JavaThread "Sweeper thread" daemon [_thread_blocked, id=4884, stack(0x000000343f400000,0x000000343f500000)]
  0x00000169e196cd60 JavaThread "Notification Thread" daemon [_thread_blocked, id=13700, stack(0x000000343f500000,0x000000343f600000)]
  0x00000169e19794f0 JavaThread "Common-Cleaner" daemon [_thread_blocked, id=8072, stack(0x000000343f700000,0x000000343f800000)]

Other Threads:
  0x00000169e0e3d1b0 VMThread "VM Thread" [stack: 0x000000343eb00000,0x000000343ec00000] [id=11596]
  0x00000169e196d230 WatcherThread [stack: 0x000000343f600000,0x000000343f700000] [id=8216]
  0x00000169c9665a40 GCTaskThread "GC Thread#0" [stack: 0x000000343e600000,0x000000343e700000] [id=5908]
  0x00000169e1ea67b0 GCTaskThread "GC Thread#1" [stack: 0x000000343f800000,0x000000343f900000] [id=4660]
  0x00000169e1f4f850 GCTaskThread "GC Thread#2" [stack: 0x000000343f900000,0x000000343fa00000] [id=2056]
  0x00000169e1f4fb00 GCTaskThread "GC Thread#3" [stack: 0x000000343fa00000,0x000000343fb00000] [id=14952]
  0x00000169e1f572a0 GCTaskThread "GC Thread#4" [stack: 0x000000343fb00000,0x000000343fc00000] [id=12320]
  0x00000169e3422c00 GCTaskThread "GC Thread#5" [stack: 0x000000343fc00000,0x000000343fd00000] [id=13340]
  0x00000169e347c1c0 GCTaskThread "GC Thread#6" [stack: 0x000000343fd00000,0x000000343fe00000] [id=6196]
  0x00000169e347bc60 GCTaskThread "GC Thread#7" [stack: 0x000000343fe00000,0x000000343ff00000] [id=14292]
  0x00000169c966f950 ConcurrentGCThread "G1 Main Marker" [stack: 0x000000343e700000,0x000000343e800000] [id=6156]
  0x00000169c9670b00 ConcurrentGCThread "G1 Conc#0" [stack: 0x000000343e800000,0x000000343e900000] [id=11620]
  0x00000169e347d490 ConcurrentGCThread "G1 Conc#1" [stack: 0x000000343ff00000,0x0000003440000000] [id=9640]
  0x00000169c96f7c30 ConcurrentGCThread "G1 Refine#0" [stack: 0x000000343e900000,0x000000343ea00000] [id=15276]
  0x00000169e530ef70 ConcurrentGCThread "G1 Refine#1" [stack: 0x0000003440000000,0x0000003440100000] [id=5912]
  0x00000169c96f8650 ConcurrentGCThread "G1 Service" [stack: 0x000000343ea00000,0x000000343eb00000] [id=9344]

Threads with active compile tasks:
C2 CompilerThread0     8209 4046       4       org.jetbrains.org.objectweb.asm.ClassReader::readMethod (1061 bytes)
C1 CompilerThread0     8209 4545       2       java.util.AbstractSet::removeAll (101 bytes)

VM state: not at safepoint (normal execution)

VM Mutex/Monitor currently owned by a thread: None

Heap address: 0x00000000c0200000, size: 1022 MB, Compressed Oops mode: 32-bit

CDS archive(s) not mapped
Compressed class space mapped at: 0x0000000100000000-0x0000000140000000, reserved size: 1073741824
Narrow klass base: 0x0000000000000000, Narrow klass shift: 3, Narrow klass range: 0x140000000

GC Precious Log:
 CPUs: 8 total, 8 available
 Memory: 4087M
 Large Page Support: Disabled
 NUMA Support: Disabled
 Compressed Oops: Enabled (32-bit)
 Heap Region Size: 1M
 Heap Min Capacity: 8M
 Heap Initial Capacity: 64M
 Heap Max Capacity: 1022M
 Pre-touch: Disabled
 Parallel Workers: 8
 Concurrent Workers: 2
 Concurrent Refinement Workers: 8
 Periodic GC: Disabled

Heap:
 garbage-first heap   total 126976K, used 59938K [0x00000000c0200000, 0x0000000100000000)
  region size 1024K, 26 young (26624K), 2 survivors (2048K)
 Metaspace       used 51808K, committed 52096K, reserved 1097728K
  class space    used 6164K, committed 6272K, reserved 1048576K

Heap Regions: E=young(eden), S=young(survivor), O=old, HS=humongous(starts), HC=humongous(continues), CS=collection set, F=free, OA=open archive, CA=closed archive, TAMS=top-at-mark-start (previous, next)
|   0|0x00000000c0200000, 0x00000000c0300000, 0x00000000c0300000|100%|HS|  |TAMS 0x00000000c0300000, 0x00000000c0200000| Complete 
|   1|0x00000000c0300000, 0x00000000c0400000, 0x00000000c0400000|100%|HC|  |TAMS 0x00000000c0400000, 0x00000000c0300000| Complete 
|   2|0x00000000c0400000, 0x00000000c0500000, 0x00000000c0500000|100%|HC|  |TAMS 0x00000000c0500000, 0x00000000c0400000| Complete 
|   3|0x00000000c0500000, 0x00000000c0600000, 0x00000000c0600000|100%|HC|  |TAMS 0x00000000c0600000, 0x00000000c0500000| Complete 
|   4|0x00000000c0600000, 0x00000000c0700000, 0x00000000c0700000|100%| O|  |TAMS 0x00000000c0700000, 0x00000000c0600000| Untracked 
|   5|0x00000000c0700000, 0x00000000c0800000, 0x00000000c0800000|100%| O|  |TAMS 0x00000000c0800000, 0x00000000c0700000| Untracked 
|   6|0x00000000c0800000, 0x00000000c0900000, 0x00000000c0900000|100%| O|  |TAMS 0x00000000c0900000, 0x00000000c0800000| Untracked 
|   7|0x00000000c0900000, 0x00000000c0a00000, 0x00000000c0a00000|100%| O|  |TAMS 0x00000000c0a00000, 0x00000000c0900000| Untracked 
|   8|0x00000000c0a00000, 0x00000000c0b00000, 0x00000000c0b00000|100%| O|  |TAMS 0x00000000c0b00000, 0x00000000c0a00000| Untracked 
|   9|0x00000000c0b00000, 0x00000000c0c00000, 0x00000000c0c00000|100%| O|  |TAMS 0x00000000c0c00000, 0x00000000c0b00000| Untracked 
|  10|0x00000000c0c00000, 0x00000000c0d00000, 0x00000000c0d00000|100%|HS|  |TAMS 0x00000000c0d00000, 0x00000000c0c00000| Complete 
|  11|0x00000000c0d00000, 0x00000000c0e00000, 0x00000000c0e00000|100%|HC|  |TAMS 0x00000000c0e00000, 0x00000000c0d00000| Complete 
|  12|0x00000000c0e00000, 0x00000000c0f00000, 0x00000000c0f00000|100%|HC|  |TAMS 0x00000000c0f00000, 0x00000000c0e00000| Complete 
|  13|0x00000000c0f00000, 0x00000000c1000000, 0x00000000c1000000|100%|HC|  |TAMS 0x00000000c1000000, 0x00000000c0f00000| Complete 
|  14|0x00000000c1000000, 0x00000000c1100000, 0x00000000c1100000|100%| O|  |TAMS 0x00000000c1100000, 0x00000000c1000000| Untracked 
|  15|0x00000000c1100000, 0x00000000c1200000, 0x00000000c1200000|100%| O|  |TAMS 0x00000000c1200000, 0x00000000c1100000| Untracked 
|  16|0x00000000c1200000, 0x00000000c1300000, 0x00000000c1300000|100%| O|  |TAMS 0x00000000c1300000, 0x00000000c1200000| Untracked 
|  17|0x00000000c1300000, 0x00000000c1400000, 0x00000000c1400000|100%| O|  |TAMS 0x00000000c1400000, 0x00000000c1300000| Untracked 
|  18|0x00000000c1400000, 0x00000000c1500000, 0x00000000c1500000|100%| O|  |TAMS 0x00000000c1500000, 0x00000000c1400000| Untracked 
|  19|0x00000000c1500000, 0x00000000c1600000, 0x00000000c1600000|100%| O|  |TAMS 0x00000000c1600000, 0x00000000c1500000| Untracked 
|  20|0x00000000c1600000, 0x00000000c1700000, 0x00000000c1700000|100%| O|  |TAMS 0x00000000c1700000, 0x00000000c1600000| Untracked 
|  21|0x00000000c1700000, 0x00000000c1800000, 0x00000000c1800000|100%| O|  |TAMS 0x00000000c1800000, 0x00000000c1700000| Untracked 
|  22|0x00000000c1800000, 0x00000000c1900000, 0x00000000c1900000|100%| O|  |TAMS 0x00000000c1900000, 0x00000000c1800000| Untracked 
|  23|0x00000000c1900000, 0x00000000c1a00000, 0x00000000c1a00000|100%| O|  |TAMS 0x00000000c1a00000, 0x00000000c1900000| Untracked 
|  24|0x00000000c1a00000, 0x00000000c1b00000, 0x00000000c1b00000|100%| O|  |TAMS 0x00000000c1b00000, 0x00000000c1a00000| Untracked 
|  25|0x00000000c1b00000, 0x00000000c1c00000, 0x00000000c1c00000|100%|HS|  |TAMS 0x00000000c1c00000, 0x00000000c1b00000| Complete 
|  26|0x00000000c1c00000, 0x00000000c1d00000, 0x00000000c1d00000|100%|HC|  |TAMS 0x00000000c1d00000, 0x00000000c1c00000| Complete 
|  27|0x00000000c1d00000, 0x00000000c1e00000, 0x00000000c1e00000|100%| O|  |TAMS 0x00000000c1e00000, 0x00000000c1d00000| Untracked 
|  28|0x00000000c1e00000, 0x00000000c1f00000, 0x00000000c1f00000|100%| O|  |TAMS 0x00000000c1e00000, 0x00000000c1e00000| Untracked 
|  29|0x00000000c1f00000, 0x00000000c2000000, 0x00000000c2000000|100%| O|  |TAMS 0x00000000c2000000, 0x00000000c1f00000| Untracked 
|  30|0x00000000c2000000, 0x00000000c2100000, 0x00000000c2100000|100%| O|  |TAMS 0x00000000c2100000, 0x00000000c2000000| Untracked 
|  31|0x00000000c2100000, 0x00000000c2200000, 0x00000000c2200000|100%| O|  |TAMS 0x00000000c2200000, 0x00000000c2100000| Untracked 
|  32|0x00000000c2200000, 0x00000000c2300000, 0x00000000c2300000|100%| O|  |TAMS 0x00000000c22b0000, 0x00000000c2200000| Untracked 
|  33|0x00000000c2300000, 0x00000000c23fd400, 0x00000000c2400000| 98%| O|  |TAMS 0x00000000c2300000, 0x00000000c2300000| Untracked 
|  34|0x00000000c2400000, 0x00000000c2400000, 0x00000000c2500000|  0%| F|  |TAMS 0x00000000c2400000, 0x00000000c2400000| Untracked 
|  35|0x00000000c2500000, 0x00000000c2500000, 0x00000000c2600000|  0%| F|  |TAMS 0x00000000c2500000, 0x00000000c2500000| Untracked 
|  36|0x00000000c2600000, 0x00000000c2600000, 0x00000000c2700000|  0%| F|  |TAMS 0x00000000c2600000, 0x00000000c2600000| Untracked 
|  37|0x00000000c2700000, 0x00000000c2700000, 0x00000000c2800000|  0%| F|  |TAMS 0x00000000c2700000, 0x00000000c2700000| Untracked 
|  38|0x00000000c2800000, 0x00000000c2800000, 0x00000000c2900000|  0%| F|  |TAMS 0x00000000c2800000, 0x00000000c2800000| Untracked 
|  39|0x00000000c2900000, 0x00000000c2900000, 0x00000000c2a00000|  0%| F|  |TAMS 0x00000000c2900000, 0x00000000c2900000| Untracked 
|  40|0x00000000c2a00000, 0x00000000c2a00000, 0x00000000c2b00000|  0%| F|  |TAMS 0x00000000c2a00000, 0x00000000c2a00000| Untracked 
|  41|0x00000000c2b00000, 0x00000000c2b00000, 0x00000000c2c00000|  0%| F|  |TAMS 0x00000000c2b00000, 0x00000000c2b00000| Untracked 
|  42|0x00000000c2c00000, 0x00000000c2c00000, 0x00000000c2d00000|  0%| F|  |TAMS 0x00000000c2c00000, 0x00000000c2c00000| Untracked 
|  43|0x00000000c2d00000, 0x00000000c2d00000, 0x00000000c2e00000|  0%| F|  |TAMS 0x00000000c2d00000, 0x00000000c2d00000| Untracked 
|  44|0x00000000c2e00000, 0x00000000c2e00000, 0x00000000c2f00000|  0%| F|  |TAMS 0x00000000c2e00000, 0x00000000c2e00000| Untracked 
|  45|0x00000000c2f00000, 0x00000000c2f00000, 0x00000000c3000000|  0%| F|  |TAMS 0x00000000c2f00000, 0x00000000c2f00000| Untracked 
|  46|0x00000000c3000000, 0x00000000c3000000, 0x00000000c3100000|  0%| F|  |TAMS 0x00000000c3000000, 0x00000000c3000000| Untracked 
|  47|0x00000000c3100000, 0x00000000c3100000, 0x00000000c3200000|  0%| F|  |TAMS 0x00000000c3100000, 0x00000000c3100000| Untracked 
|  48|0x00000000c3200000, 0x00000000c328b520, 0x00000000c3300000| 54%| S|CS|TAMS 0x00000000c3200000, 0x00000000c3200000| Complete 
|  49|0x00000000c3300000, 0x00000000c3400000, 0x00000000c3400000|100%| S|CS|TAMS 0x00000000c3300000, 0x00000000c3300000| Complete 
|  50|0x00000000c3400000, 0x00000000c3400000, 0x00000000c3500000|  0%| F|  |TAMS 0x00000000c3400000, 0x00000000c3400000| Untracked 
|  51|0x00000000c3500000, 0x00000000c3500000, 0x00000000c3600000|  0%| F|  |TAMS 0x00000000c3500000, 0x00000000c3500000| Untracked 
|  52|0x00000000c3600000, 0x00000000c3600000, 0x00000000c3700000|  0%| F|  |TAMS 0x00000000c3600000, 0x00000000c3600000| Untracked 
|  53|0x00000000c3700000, 0x00000000c3700000, 0x00000000c3800000|  0%| F|  |TAMS 0x00000000c3700000, 0x00000000c3700000| Untracked 
|  54|0x00000000c3800000, 0x00000000c3800000, 0x00000000c3900000|  0%| F|  |TAMS 0x00000000c3800000, 0x00000000c3800000| Untracked 
|  55|0x00000000c3900000, 0x00000000c3900000, 0x00000000c3a00000|  0%| F|  |TAMS 0x00000000c3900000, 0x00000000c3900000| Untracked 
|  56|0x00000000c3a00000, 0x00000000c3a00000, 0x00000000c3b00000|  0%| F|  |TAMS 0x00000000c3a00000, 0x00000000c3a00000| Untracked 
|  57|0x00000000c3b00000, 0x00000000c3b00000, 0x00000000c3c00000|  0%| F|  |TAMS 0x00000000c3b00000, 0x00000000c3b00000| Untracked 
|  58|0x00000000c3c00000, 0x00000000c3c00000, 0x00000000c3d00000|  0%| F|  |TAMS 0x00000000c3c00000, 0x00000000c3c00000| Untracked 
|  59|0x00000000c3d00000, 0x00000000c3d00000, 0x00000000c3e00000|  0%| F|  |TAMS 0x00000000c3d00000, 0x00000000c3d00000| Untracked 
|  60|0x00000000c3e00000, 0x00000000c3e00000, 0x00000000c3f00000|  0%| F|  |TAMS 0x00000000c3e00000, 0x00000000c3e00000| Untracked 
|  61|0x00000000c3f00000, 0x00000000c3f00000, 0x00000000c4000000|  0%| F|  |TAMS 0x00000000c3f00000, 0x00000000c3f00000| Untracked 
|  62|0x00000000c4000000, 0x00000000c4000000, 0x00000000c4100000|  0%| F|  |TAMS 0x00000000c4000000, 0x00000000c4000000| Untracked 
|  63|0x00000000c4100000, 0x00000000c4100000, 0x00000000c4200000|  0%| F|  |TAMS 0x00000000c4100000, 0x00000000c4100000| Untracked 
|  64|0x00000000c4200000, 0x00000000c4200000, 0x00000000c4300000|  0%| F|  |TAMS 0x00000000c4200000, 0x00000000c4200000| Untracked 
|  65|0x00000000c4300000, 0x00000000c4300000, 0x00000000c4400000|  0%| F|  |TAMS 0x00000000c4300000, 0x00000000c4300000| Untracked 
|  66|0x00000000c4400000, 0x00000000c4400000, 0x00000000c4500000|  0%| F|  |TAMS 0x00000000c4400000, 0x00000000c4400000| Untracked 
|  67|0x00000000c4500000, 0x00000000c4500000, 0x00000000c4600000|  0%| F|  |TAMS 0x00000000c4500000, 0x00000000c4500000| Untracked 
|  68|0x00000000c4600000, 0x00000000c4600000, 0x00000000c4700000|  0%| F|  |TAMS 0x00000000c4600000, 0x00000000c4600000| Untracked 
|  69|0x00000000c4700000, 0x00000000c4700000, 0x00000000c4800000|  0%| F|  |TAMS 0x00000000c4700000, 0x00000000c4700000| Untracked 
|  70|0x00000000c4800000, 0x00000000c4800000, 0x00000000c4900000|  0%| F|  |TAMS 0x00000000c4800000, 0x00000000c4800000| Untracked 
|  71|0x00000000c4900000, 0x00000000c4900000, 0x00000000c4a00000|  0%| F|  |TAMS 0x00000000c4900000, 0x00000000c4900000| Untracked 
|  72|0x00000000c4a00000, 0x00000000c4a00000, 0x00000000c4b00000|  0%| F|  |TAMS 0x00000000c4a00000, 0x00000000c4a00000| Untracked 
|  73|0x00000000c4b00000, 0x00000000c4b00000, 0x00000000c4c00000|  0%| F|  |TAMS 0x00000000c4b00000, 0x00000000c4b00000| Untracked 
|  74|0x00000000c4c00000, 0x00000000c4c00000, 0x00000000c4d00000|  0%| F|  |TAMS 0x00000000c4c00000, 0x00000000c4c00000| Untracked 
|  75|0x00000000c4d00000, 0x00000000c4d00000, 0x00000000c4e00000|  0%| F|  |TAMS 0x00000000c4d00000, 0x00000000c4d00000| Untracked 
|  76|0x00000000c4e00000, 0x00000000c4e00000, 0x00000000c4f00000|  0%| F|  |TAMS 0x00000000c4e00000, 0x00000000c4e00000| Untracked 
|  77|0x00000000c4f00000, 0x00000000c4f00000, 0x00000000c5000000|  0%| F|  |TAMS 0x00000000c4f00000, 0x00000000c4f00000| Untracked 
|  78|0x00000000c5000000, 0x00000000c5000000, 0x00000000c5100000|  0%| F|  |TAMS 0x00000000c5000000, 0x00000000c5000000| Untracked 
|  79|0x00000000c5100000, 0x00000000c5100000, 0x00000000c5200000|  0%| F|  |TAMS 0x00000000c5100000, 0x00000000c5100000| Untracked 
|  80|0x00000000c5200000, 0x00000000c5200000, 0x00000000c5300000|  0%| F|  |TAMS 0x00000000c5200000, 0x00000000c5200000| Untracked 
|  81|0x00000000c5300000, 0x00000000c5300000, 0x00000000c5400000|  0%| F|  |TAMS 0x00000000c5300000, 0x00000000c5300000| Untracked 
|  82|0x00000000c5400000, 0x00000000c5400000, 0x00000000c5500000|  0%| F|  |TAMS 0x00000000c5400000, 0x00000000c5400000| Untracked 
|  83|0x00000000c5500000, 0x00000000c5500000, 0x00000000c5600000|  0%| F|  |TAMS 0x00000000c5500000, 0x00000000c5500000| Untracked 
|  84|0x00000000c5600000, 0x00000000c5600000, 0x00000000c5700000|  0%| F|  |TAMS 0x00000000c5600000, 0x00000000c5600000| Untracked 
|  85|0x00000000c5700000, 0x00000000c5700000, 0x00000000c5800000|  0%| F|  |TAMS 0x00000000c5700000, 0x00000000c5700000| Untracked 
|  86|0x00000000c5800000, 0x00000000c5800000, 0x00000000c5900000|  0%| F|  |TAMS 0x00000000c5800000, 0x00000000c5800000| Untracked 
|  87|0x00000000c5900000, 0x00000000c5900000, 0x00000000c5a00000|  0%| F|  |TAMS 0x00000000c5900000, 0x00000000c5900000| Untracked 
|  88|0x00000000c5a00000, 0x00000000c5a00000, 0x00000000c5b00000|  0%| F|  |TAMS 0x00000000c5a00000, 0x00000000c5a00000| Untracked 
|  89|0x00000000c5b00000, 0x00000000c5b00000, 0x00000000c5c00000|  0%| F|  |TAMS 0x00000000c5b00000, 0x00000000c5b00000| Untracked 
|  90|0x00000000c5c00000, 0x00000000c5c00000, 0x00000000c5d00000|  0%| F|  |TAMS 0x00000000c5c00000, 0x00000000c5c00000| Untracked 
|  91|0x00000000c5d00000, 0x00000000c5d00000, 0x00000000c5e00000|  0%| F|  |TAMS 0x00000000c5d00000, 0x00000000c5d00000| Untracked 
|  92|0x00000000c5e00000, 0x00000000c5e00000, 0x00000000c5f00000|  0%| F|  |TAMS 0x00000000c5e00000, 0x00000000c5e00000| Untracked 
|  93|0x00000000c5f00000, 0x00000000c5f00000, 0x00000000c6000000|  0%| F|  |TAMS 0x00000000c5f00000, 0x00000000c5f00000| Untracked 
|  94|0x00000000c6000000, 0x00000000c6000000, 0x00000000c6100000|  0%| F|  |TAMS 0x00000000c6000000, 0x00000000c6000000| Untracked 
|  95|0x00000000c6100000, 0x00000000c6100000, 0x00000000c6200000|  0%| F|  |TAMS 0x00000000c6100000, 0x00000000c6100000| Untracked 
|  96|0x00000000c6200000, 0x00000000c6200000, 0x00000000c6300000|  0%| F|  |TAMS 0x00000000c6200000, 0x00000000c6200000| Untracked 
|  97|0x00000000c6300000, 0x00000000c6300000, 0x00000000c6400000|  0%| F|  |TAMS 0x00000000c6300000, 0x00000000c6300000| Untracked 
|  98|0x00000000c6400000, 0x00000000c6400000, 0x00000000c6500000|  0%| F|  |TAMS 0x00000000c6400000, 0x00000000c6400000| Untracked 
|  99|0x00000000c6500000, 0x00000000c6580800, 0x00000000c6600000| 50%| E|  |TAMS 0x00000000c6500000, 0x00000000c6500000| Complete 
| 100|0x00000000c6600000, 0x00000000c6700000, 0x00000000c6700000|100%| E|CS|TAMS 0x00000000c6600000, 0x00000000c6600000| Complete 
| 101|0x00000000c6700000, 0x00000000c6800000, 0x00000000c6800000|100%| E|CS|TAMS 0x00000000c6700000, 0x00000000c6700000| Complete 
| 102|0x00000000c6800000, 0x00000000c6900000, 0x00000000c6900000|100%| E|CS|TAMS 0x00000000c6800000, 0x00000000c6800000| Complete 
| 103|0x00000000c6900000, 0x00000000c6a00000, 0x00000000c6a00000|100%| E|CS|TAMS 0x00000000c6900000, 0x00000000c6900000| Complete 
| 104|0x00000000c6a00000, 0x00000000c6b00000, 0x00000000c6b00000|100%| E|CS|TAMS 0x00000000c6a00000, 0x00000000c6a00000| Complete 
| 105|0x00000000c6b00000, 0x00000000c6c00000, 0x00000000c6c00000|100%| E|CS|TAMS 0x00000000c6b00000, 0x00000000c6b00000| Complete 
| 106|0x00000000c6c00000, 0x00000000c6d00000, 0x00000000c6d00000|100%| E|CS|TAMS 0x00000000c6c00000, 0x00000000c6c00000| Complete 
| 107|0x00000000c6d00000, 0x00000000c6e00000, 0x00000000c6e00000|100%| E|CS|TAMS 0x00000000c6d00000, 0x00000000c6d00000| Complete 
| 108|0x00000000c6e00000, 0x00000000c6f00000, 0x00000000c6f00000|100%| E|CS|TAMS 0x00000000c6e00000, 0x00000000c6e00000| Complete 
| 109|0x00000000c6f00000, 0x00000000c7000000, 0x00000000c7000000|100%| E|CS|TAMS 0x00000000c6f00000, 0x00000000c6f00000| Complete 
| 110|0x00000000c7000000, 0x00000000c7100000, 0x00000000c7100000|100%| E|CS|TAMS 0x00000000c7000000, 0x00000000c7000000| Complete 
| 111|0x00000000c7100000, 0x00000000c7200000, 0x00000000c7200000|100%| E|CS|TAMS 0x00000000c7100000, 0x00000000c7100000| Complete 
| 112|0x00000000c7200000, 0x00000000c7300000, 0x00000000c7300000|100%| E|CS|TAMS 0x00000000c7200000, 0x00000000c7200000| Complete 
| 113|0x00000000c7300000, 0x00000000c7400000, 0x00000000c7400000|100%| E|CS|TAMS 0x00000000c7300000, 0x00000000c7300000| Complete 
| 114|0x00000000c7400000, 0x00000000c7500000, 0x00000000c7500000|100%| E|CS|TAMS 0x00000000c7400000, 0x00000000c7400000| Complete 
| 115|0x00000000c7500000, 0x00000000c7600000, 0x00000000c7600000|100%| E|CS|TAMS 0x00000000c7500000, 0x00000000c7500000| Complete 
| 116|0x00000000c7600000, 0x00000000c7700000, 0x00000000c7700000|100%| E|CS|TAMS 0x00000000c7600000, 0x00000000c7600000| Complete 
| 117|0x00000000c7700000, 0x00000000c7800000, 0x00000000c7800000|100%| E|CS|TAMS 0x00000000c7700000, 0x00000000c7700000| Complete 
| 118|0x00000000c7800000, 0x00000000c7900000, 0x00000000c7900000|100%| E|CS|TAMS 0x00000000c7800000, 0x00000000c7800000| Complete 
| 119|0x00000000c7900000, 0x00000000c7a00000, 0x00000000c7a00000|100%| E|CS|TAMS 0x00000000c7900000, 0x00000000c7900000| Complete 
| 120|0x00000000c7a00000, 0x00000000c7b00000, 0x00000000c7b00000|100%| E|CS|TAMS 0x00000000c7a00000, 0x00000000c7a00000| Complete 
| 121|0x00000000c7b00000, 0x00000000c7c00000, 0x00000000c7c00000|100%| E|CS|TAMS 0x00000000c7b00000, 0x00000000c7b00000| Complete 
| 122|0x00000000c7c00000, 0x00000000c7d00000, 0x00000000c7d00000|100%| E|CS|TAMS 0x00000000c7c00000, 0x00000000c7c00000| Complete 
| 123|0x00000000c7d00000, 0x00000000c7e00000, 0x00000000c7e00000|100%| E|CS|TAMS 0x00000000c7d00000, 0x00000000c7d00000| Complete 

Card table byte_map: [0x00000169dc030000,0x00000169dc230000] _byte_map_base: 0x00000169dba2f000

Marking Bits (Prev, Next): (CMBitMap*) 0x00000169c96670a0, (CMBitMap*) 0x00000169c9667060
 Prev Bits: [0x00000169dd430000, 0x00000169de428000)
 Next Bits: [0x00000169dc430000, 0x00000169dd428000)

Polling page: 0x00000169c7630000

Metaspace:

Usage:
  Non-class:     44.58 MB used.
      Class:      6.02 MB used.
       Both:     50.60 MB used.

Virtual space:
  Non-class space:       48.00 MB reserved,      44.75 MB ( 93%) committed,  6 nodes.
      Class space:        1.00 GB reserved,       6.12 MB ( <1%) committed,  1 nodes.
             Both:        1.05 GB reserved,      50.88 MB (  5%) committed. 

Chunk freelists:
   Non-Class:  2.80 MB
       Class:  1.81 MB
        Both:  4.61 MB

MaxMetaspaceSize: unlimited
CompressedClassSpaceSize: 1.00 GB
Initial GC threshold: 21.00 MB
Current GC threshold: 81.06 MB
CDS: off
MetaspaceReclaimPolicy: balanced
 - commit_granule_bytes: 65536.
 - commit_granule_words: 8192.
 - virtual_space_node_default_size: 1048576.
 - enlarge_chunks_in_place: 1.
 - new_chunks_are_fully_committed: 0.
 - uncommit_free_chunks: 1.
 - use_allocation_guard: 0.
 - handle_deallocations: 1.


Internal statistics:

num_allocs_failed_limit: 3.
num_arena_births: 194.
num_arena_deaths: 0.
num_vsnodes_births: 7.
num_vsnodes_deaths: 0.
num_space_committed: 813.
num_space_uncommitted: 0.
num_chunks_returned_to_freelist: 3.
num_chunks_taken_from_freelist: 1635.
num_chunk_merges: 3.
num_chunk_splits: 1359.
num_chunks_enlarged: 1228.
num_purges: 0.
num_inconsistent_stats: 0.

CodeHeap 'non-profiled nmethods': size=120000Kb used=1521Kb max_used=1521Kb free=118478Kb
 bounds [0x00000169d45d0000, 0x00000169d4840000, 0x00000169dbb00000]
CodeHeap 'profiled nmethods': size=120000Kb used=9856Kb max_used=9856Kb free=110143Kb
 bounds [0x00000169ccb00000, 0x00000169cd4b0000, 0x00000169d4030000]
CodeHeap 'non-nmethods': size=5760Kb used=1286Kb max_used=1328Kb free=4473Kb
 bounds [0x00000169d4030000, 0x00000169d42a0000, 0x00000169d45d0000]
 total_blobs=5095 nmethods=4489 adapters=519
 compilation: enabled
              stopped_count=0, restarted_count=0
 full_count=0

Compilation events (20 events):
Event: 8.132 Thread 0x00000169e0e9e540 nmethod 4471 0x00000169cd46ac90 code [0x00000169cd46ae20, 0x00000169cd46af48]
Event: 8.132 Thread 0x00000169e0e9e540 4472       2       org.jetbrains.kotlin.types.checker.ClassicTypeSystemContext$DefaultImpls::identicalArguments (165 bytes)
Event: 8.134 Thread 0x00000169e0e9e540 nmethod 4472 0x00000169cd46b010 code [0x00000169cd46b3c0, 0x00000169cd46bfd8]
Event: 8.134 Thread 0x00000169e0e9e540 4475       2       org.jetbrains.kotlin.resolve.OverridingUtilTypeSystemContext::upperBound (6 bytes)
Event: 8.134 Thread 0x00000169e0e9e540 nmethod 4475 0x00000169cd46c790 code [0x00000169cd46c920, 0x00000169cd46ca48]
Event: 8.134 Thread 0x00000169e0e9e540 4474       2       org.jetbrains.kotlin.load.java.lazy.types.JavaTypeResolver::transformJavaClassifierType (156 bytes)
Event: 8.135 Thread 0x00000169e0e9e540 nmethod 4474 0x00000169cd46cb10 code [0x00000169cd46cde0, 0x00000169cd46d5e8]
Event: 8.135 Thread 0x00000169e0e9e540 4483       2       org.jetbrains.kotlin.descriptors.impl.SimpleFunctionDescriptorImpl::copy (24 bytes)
Event: 8.135 Thread 0x00000169e0e9e540 nmethod 4483 0x00000169cd46db10 code [0x00000169cd46dcc0, 0x00000169cd46de58]
Event: 8.135 Thread 0x00000169e0e9e540 4479       2       org.jetbrains.kotlin.descriptors.ScopesHolderForClass::getScope (76 bytes)
Event: 8.137 Thread 0x00000169e0e9e540 nmethod 4479 0x00000169cd46df90 code [0x00000169cd46e2c0, 0x00000169cd46ece8]
Event: 8.137 Thread 0x00000169e0e9e540 4480       2       org.jetbrains.kotlin.descriptors.annotations.CompositeAnnotations::<init> (16 bytes)
Event: 8.138 Thread 0x00000169e0e9e540 nmethod 4480 0x00000169cd46f410 code [0x00000169cd46f5e0, 0x00000169cd46f8d8]
Event: 8.138 Thread 0x00000169e0e9e540 4482       2       org.jetbrains.kotlin.util.TypeRegistry::getId (36 bytes)
Event: 8.139 Thread 0x00000169e0e9e540 nmethod 4482 0x00000169cd46fa90 code [0x00000169cd46fce0, 0x00000169cd4702f8]
Event: 8.139 Thread 0x00000169e0e9e540 4481       2       org.jetbrains.kotlin.load.java.typeEnhancement.SignatureEnhancement::enhance (37 bytes)
Event: 8.139 Thread 0x00000169e0e9e540 nmethod 4481 0x00000169cd470790 code [0x00000169cd470940, 0x00000169cd470b18]
Event: 8.139 Thread 0x00000169e0e9e540 4484       2       org.jetbrains.kotlin.util.ArrayMap::<init> (5 bytes)
Event: 8.139 Thread 0x00000169e0e9e540 nmethod 4484 0x00000169cd470c90 code [0x00000169cd470e20, 0x00000169cd470f18]
Event: 8.139 Thread 0x00000169e0e9e540 4477       2       org.jetbrains.kotlin.types.checker.ClassicTypeSystemContext$DefaultImpls::isDenotable (77 bytes)

GC Heap History (20 events):
Event: 3.302 GC heap before
{Heap before GC invocations=4 (full 0):
 garbage-first heap   total 40960K, used 35220K [0x00000000c0200000, 0x0000000100000000)
  region size 1024K, 22 young (22528K), 1 survivors (1024K)
 Metaspace       used 27891K, committed 28160K, reserved 1081344K
  class space    used 3059K, committed 3200K, reserved 1048576K
}
Event: 3.309 GC heap after
{Heap after GC invocations=5 (full 0):
 garbage-first heap   total 40960K, used 16302K [0x00000000c0200000, 0x0000000100000000)
  region size 1024K, 3 young (3072K), 3 survivors (3072K)
 Metaspace       used 27891K, committed 28160K, reserved 1081344K
  class space    used 3059K, committed 3200K, reserved 1048576K
}
Event: 3.338 GC heap before
{Heap before GC invocations=5 (full 0):
 garbage-first heap   total 40960K, used 17326K [0x00000000c0200000, 0x0000000100000000)
  region size 1024K, 4 young (4096K), 3 survivors (3072K)
 Metaspace       used 28135K, committed 28416K, reserved 1081344K
  class space    used 3088K, committed 3200K, reserved 1048576K
}
Event: 3.345 GC heap after
{Heap after GC invocations=6 (full 0):
 garbage-first heap   total 40960K, used 16433K [0x00000000c0200000, 0x0000000100000000)
  region size 1024K, 1 young (1024K), 1 survivors (1024K)
 Metaspace       used 28135K, committed 28416K, reserved 1081344K
  class space    used 3088K, committed 3200K, reserved 1048576K
}
Event: 3.900 GC heap before
{Heap before GC invocations=6 (full 0):
 garbage-first heap   total 40960K, used 33841K [0x00000000c0200000, 0x0000000100000000)
  region size 1024K, 16 young (16384K), 1 survivors (1024K)
 Metaspace       used 31151K, committed 31424K, reserved 1081344K
  class space    used 3776K, committed 3904K, reserved 1048576K
}
Event: 3.909 GC heap after
{Heap after GC invocations=7 (full 0):
 garbage-first heap   total 40960K, used 21327K [0x00000000c0200000, 0x0000000100000000)
  region size 1024K, 2 young (2048K), 2 survivors (2048K)
 Metaspace       used 31151K, committed 31424K, reserved 1081344K
  class space    used 3776K, committed 3904K, reserved 1048576K
}
Event: 4.315 GC heap before
{Heap before GC invocations=7 (full 0):
 garbage-first heap   total 40960K, used 30543K [0x00000000c0200000, 0x0000000100000000)
  region size 1024K, 12 young (12288K), 2 survivors (2048K)
 Metaspace       used 33248K, committed 33472K, reserved 1081344K
  class space    used 4234K, committed 4352K, reserved 1048576K
}
Event: 4.325 GC heap after
{Heap after GC invocations=8 (full 0):
 garbage-first heap   total 66560K, used 23230K [0x00000000c0200000, 0x0000000100000000)
  region size 1024K, 2 young (2048K), 2 survivors (2048K)
 Metaspace       used 33248K, committed 33472K, reserved 1081344K
  class space    used 4234K, committed 4352K, reserved 1048576K
}
Event: 5.240 GC heap before
{Heap before GC invocations=9 (full 0):
 garbage-first heap   total 66560K, used 45758K [0x00000000c0200000, 0x0000000100000000)
  region size 1024K, 25 young (25600K), 2 survivors (2048K)
 Metaspace       used 38180K, committed 38400K, reserved 1089536K
  class space    used 4774K, committed 4864K, reserved 1048576K
}
Event: 5.254 GC heap after
{Heap after GC invocations=10 (full 0):
 garbage-first heap   total 66560K, used 24018K [0x00000000c0200000, 0x0000000100000000)
  region size 1024K, 4 young (4096K), 4 survivors (4096K)
 Metaspace       used 38180K, committed 38400K, reserved 1089536K
  class space    used 4774K, committed 4864K, reserved 1048576K
}
Event: 5.294 GC heap before
{Heap before GC invocations=10 (full 0):
 garbage-first heap   total 66560K, used 25042K [0x00000000c0200000, 0x0000000100000000)
  region size 1024K, 5 young (5120K), 4 survivors (4096K)
 Metaspace       used 38347K, committed 38592K, reserved 1089536K
  class space    used 4807K, committed 4928K, reserved 1048576K
}
Event: 5.306 GC heap after
{Heap after GC invocations=11 (full 0):
 garbage-first heap   total 66560K, used 24529K [0x00000000c0200000, 0x0000000100000000)
  region size 1024K, 1 young (1024K), 1 survivors (1024K)
 Metaspace       used 38347K, committed 38592K, reserved 1089536K
  class space    used 4807K, committed 4928K, reserved 1048576K
}
Event: 5.898 GC heap before
{Heap before GC invocations=11 (full 0):
 garbage-first heap   total 66560K, used 46033K [0x00000000c0200000, 0x0000000100000000)
  region size 1024K, 23 young (23552K), 1 survivors (1024K)
 Metaspace       used 42813K, committed 43072K, reserved 1089536K
  class space    used 5200K, committed 5312K, reserved 1048576K
}
Event: 5.902 GC heap after
{Heap after GC invocations=12 (full 0):
 garbage-first heap   total 66560K, used 26011K [0x00000000c0200000, 0x0000000100000000)
  region size 1024K, 3 young (3072K), 3 survivors (3072K)
 Metaspace       used 42813K, committed 43072K, reserved 1089536K
  class space    used 5200K, committed 5312K, reserved 1048576K
}
Event: 6.582 GC heap before
{Heap before GC invocations=12 (full 0):
 garbage-first heap   total 66560K, used 49563K [0x00000000c0200000, 0x0000000100000000)
  region size 1024K, 24 young (24576K), 3 survivors (3072K)
 Metaspace       used 48112K, committed 48320K, reserved 1097728K
  class space    used 5846K, committed 5952K, reserved 1048576K
}
Event: 6.593 GC heap after
{Heap after GC invocations=13 (full 0):
 garbage-first heap   total 66560K, used 30666K [0x00000000c0200000, 0x0000000100000000)
  region size 1024K, 3 young (3072K), 3 survivors (3072K)
 Metaspace       used 48112K, committed 48320K, reserved 1097728K
  class space    used 5846K, committed 5952K, reserved 1048576K
}
Event: 6.914 GC heap before
{Heap before GC invocations=13 (full 0):
 garbage-first heap   total 66560K, used 50122K [0x00000000c0200000, 0x0000000100000000)
  region size 1024K, 22 young (22528K), 3 survivors (3072K)
 Metaspace       used 48593K, committed 48768K, reserved 1097728K
  class space    used 5874K, committed 5952K, reserved 1048576K
}
Event: 6.933 GC heap after
{Heap after GC invocations=14 (full 0):
 garbage-first heap   total 66560K, used 35520K [0x00000000c0200000, 0x0000000100000000)
  region size 1024K, 3 young (3072K), 3 survivors (3072K)
 Metaspace       used 48593K, committed 48768K, reserved 1097728K
  class space    used 5874K, committed 5952K, reserved 1048576K
}
Event: 7.128 GC heap before
{Heap before GC invocations=14 (full 0):
 garbage-first heap   total 66560K, used 50880K [0x00000000c0200000, 0x0000000100000000)
  region size 1024K, 18 young (18432K), 3 survivors (3072K)
 Metaspace       used 49301K, committed 49536K, reserved 1097728K
  class space    used 5947K, committed 6080K, reserved 1048576K
}
Event: 7.143 GC heap after
{Heap after GC invocations=15 (full 0):
 garbage-first heap   total 126976K, used 36386K [0x00000000c0200000, 0x0000000100000000)
  region size 1024K, 2 young (2048K), 2 survivors (2048K)
 Metaspace       used 49301K, committed 49536K, reserved 1097728K
  class space    used 5947K, committed 6080K, reserved 1048576K
}

Dll operation events (2 events):
Event: 0.011 Loaded shared library C:\Program Files\Android\Android Studio\jbr\bin\java.dll
Event: 1.798 Loaded shared library C:\Program Files\Android\Android Studio\jbr\bin\verify.dll

Deoptimization events (20 events):
Event: 7.124 Thread 0x00000169c9626050 DEOPT PACKING pc=0x00000169d46b72f4 sp=0x000000343e5fb7a0
Event: 7.124 Thread 0x00000169c9626050 DEOPT UNPACKING pc=0x00000169d408699d sp=0x000000343e5fb730 mode 2
Event: 7.124 Thread 0x00000169c9626050 Uncommon trap: trap_request=0xffffffde fr.pc=0x00000169d46b72f4 relative=0x0000000000000ff4
Event: 7.124 Thread 0x00000169c9626050 Uncommon trap: reason=class_check action=maybe_recompile pc=0x00000169d46b72f4 method=java.util.HashMap.putVal(ILjava/lang/Object;Ljava/lang/Object;ZZ)Ljava/lang/Object; @ 203 c2
Event: 7.124 Thread 0x00000169c9626050 DEOPT PACKING pc=0x00000169d46b72f4 sp=0x000000343e5fb7a0
Event: 7.124 Thread 0x00000169c9626050 DEOPT UNPACKING pc=0x00000169d408699d sp=0x000000343e5fb730 mode 2
Event: 7.296 Thread 0x00000169c9626050 DEOPT PACKING pc=0x00000169cd0457e5 sp=0x000000343e5fb440
Event: 7.296 Thread 0x00000169c9626050 DEOPT UNPACKING pc=0x00000169d4087124 sp=0x000000343e5fa8b8 mode 0
Event: 7.528 Thread 0x00000169c9626050 Uncommon trap: trap_request=0xffffff45 fr.pc=0x00000169d471bd28 relative=0x0000000000000a28
Event: 7.528 Thread 0x00000169c9626050 Uncommon trap: reason=unstable_if action=reinterpret pc=0x00000169d471bd28 method=java.util.HashMap.putVal(ILjava/lang/Object;Ljava/lang/Object;ZZ)Ljava/lang/Object; @ 94 c2
Event: 7.528 Thread 0x00000169c9626050 DEOPT PACKING pc=0x00000169d471bd28 sp=0x000000343e5fa690
Event: 7.528 Thread 0x00000169c9626050 DEOPT UNPACKING pc=0x00000169d408699d sp=0x000000343e5fa628 mode 2
Event: 7.720 Thread 0x00000169c9626050 Uncommon trap: trap_request=0xffffffcc fr.pc=0x00000169d473dbdc relative=0x000000000000033c
Event: 7.720 Thread 0x00000169c9626050 Uncommon trap: reason=intrinsic_or_type_checked_inlining action=make_not_entrant pc=0x00000169d473dbdc method=java.util.Arrays.copyOf([Ljava/lang/Object;ILjava/lang/Class;)[Ljava/lang/Object; @ 35 c2
Event: 7.720 Thread 0x00000169c9626050 DEOPT PACKING pc=0x00000169d473dbdc sp=0x000000343e5fa680
Event: 7.720 Thread 0x00000169c9626050 DEOPT UNPACKING pc=0x00000169d408699d sp=0x000000343e5fa610 mode 2
Event: 7.729 Thread 0x00000169c9626050 DEOPT PACKING pc=0x00000169cd0457e5 sp=0x000000343e5f9500
Event: 7.729 Thread 0x00000169c9626050 DEOPT UNPACKING pc=0x00000169d4087124 sp=0x000000343e5f8950 mode 0
Event: 8.013 Thread 0x00000169c9626050 DEOPT PACKING pc=0x00000169cd25d53c sp=0x000000343e5f9850
Event: 8.013 Thread 0x00000169c9626050 DEOPT UNPACKING pc=0x00000169d4087124 sp=0x000000343e5f8d58 mode 0

Classes unloaded (0 events):
No events

Classes redefined (0 events):
No events

Internal exceptions (20 events):
Event: 2.036 Thread 0x00000169c9626050 Exception <a 'java/lang/NoSuchMethodError'{0x00000000c403ddf8}: 'java.lang.Object java.lang.invoke.DirectMethodHandle$Holder.invokeStaticInit(java.lang.Object, int)'> (0x00000000c403ddf8) 
thrown [s\src\hotspot\share\interpreter\linkResolver.cpp, line 771]
Event: 2.049 Thread 0x00000169c9626050 Exception <a 'java/lang/NoSuchMethodError'{0x00000000c40c7a68}: 'void java.lang.invoke.DirectMethodHandle$Holder.invokeStatic(java.lang.Object, java.lang.Object)'> (0x00000000c40c7a68) 
thrown [s\src\hotspot\share\interpreter\linkResolver.cpp, line 771]
Event: 2.085 Thread 0x00000169c9626050 Exception <a 'java/lang/NoSuchMethodError'{0x00000000c3e070c8}: 'long java.lang.invoke.DirectMethodHandle$Holder.invokeStatic(java.lang.Object)'> (0x00000000c3e070c8) 
thrown [s\src\hotspot\share\interpreter\linkResolver.cpp, line 771]
Event: 2.086 Thread 0x00000169c9626050 Exception <a 'java/lang/NoSuchMethodError'{0x00000000c3e0a820}: 'long java.lang.invoke.DirectMethodHandle$Holder.invokeStaticInit(java.lang.Object)'> (0x00000000c3e0a820) 
thrown [s\src\hotspot\share\interpreter\linkResolver.cpp, line 771]
Event: 2.228 Thread 0x00000169c9626050 Exception <a 'java/lang/NoSuchMethodError'{0x00000000c26e2cf0}: 'int java.lang.invoke.DirectMethodHandle$Holder.invokeStaticInit(java.lang.Object, java.lang.Object, java.lang.Object)'> (0x00000000c26e2cf0) 
thrown [s\src\hotspot\share\interpreter\linkResolver.cpp, line 771]
Event: 2.234 Thread 0x00000169c9626050 Exception <a 'java/lang/NoSuchMethodError'{0x00000000c250bb48}: 'int java.lang.invoke.DirectMethodHandle$Holder.invokeStaticInit(java.lang.Object, java.lang.Object)'> (0x00000000c250bb48) 
thrown [s\src\hotspot\share\interpreter\linkResolver.cpp, line 771]
Event: 2.263 Thread 0x00000169c9626050 Exception <a 'java/lang/NoSuchMethodError'{0x00000000c25e6a80}: 'void java.lang.invoke.DirectMethodHandle$Holder.invokeSpecial(java.lang.Object, java.lang.Object, java.lang.Object)'> (0x00000000c25e6a80) 
thrown [s\src\hotspot\share\interpreter\linkResolver.cpp, line 771]
Event: 2.852 Thread 0x00000169c9626050 Exception <a 'java/lang/NoSuchMethodError'{0x00000000c19bd780}: 'void java.lang.invoke.DirectMethodHandle$Holder.invokeStatic(java.lang.Object, java.lang.Object, java.lang.Object, java.lang.Object)'> (0x00000000c19bd780) 
thrown [s\src\hotspot\share\interpreter\linkResolver.cpp, line 771]
Event: 3.251 Thread 0x00000169c9626050 Exception <a 'java/lang/NoSuchMethodError'{0x00000000c1565b80}: 'void java.lang.invoke.DirectMethodHandle$Holder.invokeStaticInit(java.lang.Object, java.lang.Object)'> (0x00000000c1565b80) 
thrown [s\src\hotspot\share\interpreter\linkResolver.cpp, line 771]
Event: 3.403 Thread 0x00000169c9626050 Exception <a 'java/lang/NoSuchMethodError'{0x00000000c27958f0}: 'void java.lang.invoke.DirectMethodHandle$Holder.invokeVirtual(java.lang.Object, java.lang.Object)'> (0x00000000c27958f0) 
thrown [s\src\hotspot\share\interpreter\linkResolver.cpp, line 771]
Event: 3.415 Thread 0x00000169c9626050 Exception <a 'java/lang/NoSuchMethodError'{0x00000000c2632228}: 'int java.lang.invoke.DirectMethodHandle$Holder.invokeVirtual(java.lang.Object, java.lang.Object)'> (0x00000000c2632228) 
thrown [s\src\hotspot\share\interpreter\linkResolver.cpp, line 771]
Event: 3.435 Thread 0x00000169c9626050 Exception <a 'java/lang/NoSuchMethodError'{0x00000000c26d7df0}: 'java.lang.Object java.lang.invoke.Invokers$Holder.invokeExact_MT(java.lang.Object, java.lang.Object, java.lang.Object, java.lang.Object, java.lang.Object, java.lang.Object)'> (0x00000000c26d7df0) 
thrown [s\src\hotspot\share\interpreter\linkResolver.cpp, line 771]
Event: 4.683 Thread 0x00000169c9626050 Exception <a 'java/lang/NoSuchMethodError'{0x00000000c37ab158}: 'java.lang.Object java.lang.invoke.DirectMethodHandle$Holder.invokeVirtual(java.lang.Object, java.lang.Object, java.lang.Object)'> (0x00000000c37ab158) 
thrown [s\src\hotspot\share\interpreter\linkResolver.cpp, line 771]
Event: 6.168 Thread 0x00000169c9626050 Exception <a 'java/lang/NoSuchMethodError'{0x00000000c3babb88}: 'java.lang.Object java.lang.invoke.DirectMethodHandle$Holder.newInvokeSpecial(java.lang.Object, java.lang.Object, java.lang.Object, int)'> (0x00000000c3babb88) 
thrown [s\src\hotspot\share\interpreter\linkResolver.cpp, line 771]
Event: 6.169 Thread 0x00000169c9626050 Exception <a 'java/lang/NoSuchMethodError'{0x00000000c3bb0210}: 'java.lang.Object java.lang.invoke.DirectMethodHandle$Holder.invokeSpecial(java.lang.Object, java.lang.Object, java.lang.Object, java.lang.Object, int)'> (0x00000000c3bb0210) 
thrown [s\src\hotspot\share\interpreter\linkResolver.cpp, line 771]
Event: 6.169 Thread 0x00000169c9626050 Exception <a 'java/lang/NoSuchMethodError'{0x00000000c3bb4080}: 'java.lang.Object java.lang.invoke.Invokers$Holder.linkToTargetMethod(java.lang.Object, java.lang.Object, int, java.lang.Object)'> (0x00000000c3bb4080) 
thrown [s\src\hotspot\share\interpreter\linkResolver.cpp, line 771]
Event: 6.240 Thread 0x00000169c9626050 Implicit null exception at 0x00000169d46c2ad5 to 0x00000169d46c2bb0
Event: 6.407 Thread 0x00000169c9626050 Exception <a 'java/lang/NoSuchMethodError'{0x00000000c3394508}: 'java.lang.Object java.lang.invoke.DirectMethodHandle$Holder.invokeInterface(java.lang.Object, java.lang.Object)'> (0x00000000c3394508) 
thrown [s\src\hotspot\share\interpreter\linkResolver.cpp, line 771]
Event: 6.409 Thread 0x00000169c9626050 Exception <a 'java/lang/NoSuchMethodError'{0x00000000c33a3320}: 'java.lang.Object java.lang.invoke.DirectMethodHandle$Holder.newInvokeSpecial(java.lang.Object, java.lang.Object, int)'> (0x00000000c33a3320) 
thrown [s\src\hotspot\share\interpreter\linkResolver.cpp, line 771]
Event: 7.507 Thread 0x00000169c9626050 Exception <a 'java/lang/NoSuchMethodError'{0x00000000c75516e0}: 'java.lang.Object java.lang.invoke.DirectMethodHandle$Holder.invokeStaticInit(java.lang.Object, java.lang.Object, java.lang.Object)'> (0x00000000c75516e0) 
thrown [s\src\hotspot\share\interpreter\linkResolver.cpp, line 771]

VM Operations (20 events):
Event: 7.304 Executing VM operation: HandshakeAllThreads
Event: 7.304 Executing VM operation: HandshakeAllThreads done
Event: 7.311 Executing VM operation: HandshakeAllThreads
Event: 7.311 Executing VM operation: HandshakeAllThreads done
Event: 7.482 Executing VM operation: HandshakeAllThreads
Event: 7.482 Executing VM operation: HandshakeAllThreads done
Event: 7.649 Executing VM operation: ICBufferFull
Event: 7.649 Executing VM operation: ICBufferFull done
Event: 7.840 Executing VM operation: ICBufferFull
Event: 7.840 Executing VM operation: ICBufferFull done
Event: 7.991 Executing VM operation: HandshakeAllThreads
Event: 7.991 Executing VM operation: HandshakeAllThreads done
Event: 8.010 Executing VM operation: HandshakeAllThreads
Event: 8.010 Executing VM operation: HandshakeAllThreads done
Event: 8.010 Executing VM operation: HandshakeAllThreads
Event: 8.010 Executing VM operation: HandshakeAllThreads done
Event: 8.012 Executing VM operation: HandshakeAllThreads
Event: 8.012 Executing VM operation: HandshakeAllThreads done
Event: 8.029 Executing VM operation: ICBufferFull
Event: 8.029 Executing VM operation: ICBufferFull done

Events (20 events):
Event: 7.083 loading class java/util/stream/ReduceOps
Event: 7.084 loading class java/util/stream/ReduceOps done
Event: 7.084 loading class java/util/stream/ReduceOps$3
Event: 7.084 loading class java/util/stream/ReduceOps$ReduceOp
Event: 7.084 loading class java/util/stream/ReduceOps$ReduceOp done
Event: 7.084 loading class java/util/stream/ReduceOps$3 done
Event: 7.084 loading class java/util/stream/ReduceOps$3ReducingSink
Event: 7.084 loading class java/util/stream/ReduceOps$AccumulatingSink
Event: 7.084 loading class java/util/stream/ReduceOps$AccumulatingSink done
Event: 7.084 loading class java/util/stream/ReduceOps$Box
Event: 7.085 loading class java/util/stream/ReduceOps$Box done
Event: 7.085 loading class java/util/stream/ReduceOps$3ReducingSink done
Event: 7.085 loading class java/util/stream/ReferencePipeline$2$1
Event: 7.085 loading class java/util/stream/ReferencePipeline$2$1 done
Event: 7.085 loading class java/util/stream/IntPipeline$1$1
Event: 7.085 loading class java/util/stream/IntPipeline$1$1 done
Event: 7.604 loading class java/util/RegularEnumSet$EnumSetIterator
Event: 7.605 loading class java/util/RegularEnumSet$EnumSetIterator done
Event: 7.605 loading class java/util/Collections$SingletonMap
Event: 7.606 loading class java/util/Collections$SingletonMap done


Dynamic libraries:
0x00007ff7df7f0000 - 0x00007ff7df7fa000 	C:\Program Files\Android\Android Studio\jbr\bin\java.exe
0x00007ff944610000 - 0x00007ff944808000 	C:\Windows\SYSTEM32\ntdll.dll
0x00007ff943900000 - 0x00007ff9439bf000 	C:\Windows\System32\KERNEL32.DLL
0x00007ff941f50000 - 0x00007ff942246000 	C:\Windows\System32\KERNELBASE.dll
0x00007ff942570000 - 0x00007ff942670000 	C:\Windows\System32\ucrtbase.dll
0x00007ff91c340000 - 0x00007ff91c35b000 	C:\Program Files\Android\Android Studio\jbr\bin\VCRUNTIME140.dll
0x00007ff91f7e0000 - 0x00007ff91f7f7000 	C:\Program Files\Android\Android Studio\jbr\bin\jli.dll
0x00007ff943480000 - 0x00007ff94361d000 	C:\Windows\System32\USER32.dll
0x00007ff9422a0000 - 0x00007ff9422c2000 	C:\Windows\System32\win32u.dll
0x00007ff928bb0000 - 0x00007ff928e4a000 	C:\Windows\WinSxS\amd64_microsoft.windows.common-controls_6595b64144ccf1df_6.0.19041.1110_none_60b5254171f9507e\COMCTL32.dll
0x00007ff942830000 - 0x00007ff94285c000 	C:\Windows\System32\GDI32.dll
0x00007ff942880000 - 0x00007ff94291e000 	C:\Windows\System32\msvcrt.dll
0x00007ff941cf0000 - 0x00007ff941e05000 	C:\Windows\System32\gdi32full.dll
0x00007ff942430000 - 0x00007ff9424cd000 	C:\Windows\System32\msvcp_win.dll
0x00007ff942670000 - 0x00007ff9426a0000 	C:\Windows\System32\IMM32.DLL
0x00007ff93d2e0000 - 0x00007ff93d2ec000 	C:\Program Files\Android\Android Studio\jbr\bin\vcruntime140_1.dll
0x00007ff9125f0000 - 0x00007ff91267d000 	C:\Program Files\Android\Android Studio\jbr\bin\msvcp140.dll
0x00007ff9104c0000 - 0x00007ff91112d000 	C:\Program Files\Android\Android Studio\jbr\bin\server\jvm.dll
0x00007ff9439c0000 - 0x00007ff943a6f000 	C:\Windows\System32\ADVAPI32.dll
0x00007ff9441c0000 - 0x00007ff94425c000 	C:\Windows\System32\sechost.dll
0x00007ff943050000 - 0x00007ff943176000 	C:\Windows\System32\RPCRT4.dll
0x00007ff933e40000 - 0x00007ff933e49000 	C:\Windows\SYSTEM32\WSOCK32.dll
0x00007ff9363c0000 - 0x00007ff9363e7000 	C:\Windows\SYSTEM32\WINMM.dll
0x00007ff943180000 - 0x00007ff9431eb000 	C:\Windows\System32\WS2_32.dll
0x00007ff939590000 - 0x00007ff93959a000 	C:\Windows\SYSTEM32\VERSION.dll
0x00007ff93fb80000 - 0x00007ff93fb92000 	C:\Windows\SYSTEM32\kernel.appcore.dll
0x00007ff93cfb0000 - 0x00007ff93cfba000 	C:\Program Files\Android\Android Studio\jbr\bin\jimage.dll
0x00007ff931b90000 - 0x00007ff931d74000 	C:\Windows\SYSTEM32\DBGHELP.DLL
0x00007ff928ad0000 - 0x00007ff928b04000 	C:\Windows\SYSTEM32\dbgcore.DLL
0x00007ff941e10000 - 0x00007ff941e92000 	C:\Windows\System32\bcryptPrimitives.dll
0x00007ff934040000 - 0x00007ff934065000 	C:\Program Files\Android\Android Studio\jbr\bin\java.dll
0x00007ff933e50000 - 0x00007ff933e68000 	C:\Program Files\Android\Android Studio\jbr\bin\zip.dll
0x00007ff943a70000 - 0x00007ff9441b4000 	C:\Windows\System32\SHELL32.dll
0x00007ff93fd80000 - 0x00007ff940513000 	C:\Windows\SYSTEM32\windows.storage.dll
0x00007ff944270000 - 0x00007ff9445c4000 	C:\Windows\System32\combase.dll
0x00007ff941660000 - 0x00007ff94168e000 	C:\Windows\SYSTEM32\Wldp.dll
0x00007ff942980000 - 0x00007ff942a2d000 	C:\Windows\System32\SHCORE.dll
0x00007ff942920000 - 0x00007ff942975000 	C:\Windows\System32\shlwapi.dll
0x00007ff941c30000 - 0x00007ff941c4f000 	C:\Windows\SYSTEM32\profapi.dll
0x00007ff923d60000 - 0x00007ff923d79000 	C:\Program Files\Android\Android Studio\jbr\bin\net.dll
0x00007ff939ff0000 - 0x00007ff93a0fa000 	C:\Windows\SYSTEM32\WINHTTP.dll
0x00007ff941440000 - 0x00007ff9414aa000 	C:\Windows\system32\mswsock.dll
0x00007ff922490000 - 0x00007ff9224a6000 	C:\Program Files\Android\Android Studio\jbr\bin\nio.dll
0x00007ff9362b0000 - 0x00007ff9362c0000 	C:\Program Files\Android\Android Studio\jbr\bin\verify.dll

dbghelp: loaded successfully - version: 4.0.5 - missing functions: none
symbol engine: initialized successfully - sym options: 0x614 - pdb path: .;C:\Program Files\Android\Android Studio\jbr\bin;C:\Windows\SYSTEM32;C:\Windows\WinSxS\amd64_microsoft.windows.common-controls_6595b64144ccf1df_6.0.19041.1110_none_60b5254171f9507e;C:\Program Files\Android\Android Studio\jbr\bin\server

VM Arguments:
java_command: org.jetbrains.kotlin.cli.jvm.K2JVMCompiler @C:\Users\Gamer\AndroidStudioProjects\MeditationApp\app\build\20230730_17441964377855227033.compiler.options
java_class_path (initial): C:\Users\Gamer\.gradle\caches\modules-2\files-2.1\org.jetbrains.kotlin\kotlin-compiler-embeddable\1.8.20\78d9baa57f65babf9e0a93e51f62f26f5f35ac3e\kotlin-compiler-embeddable-1.8.20.jar;C:\Users\Gamer\.gradle\caches\modules-2\files-2.1\org.jetbrains.kotlin\kotlin-stdlib\1.8.20\e72fc5e03ec6c064c678a6bd0d955c88d55b0c4a\kotlin-stdlib-1.8.20.jar;C:\Users\Gamer\.gradle\caches\modules-2\files-2.1\org.jetbrains.kotlin\kotlin-script-runtime\1.8.20\c850771e723701f9d63dbcf641429c0f29290074\kotlin-script-runtime-1.8.20.jar;C:\Users\Gamer\.gradle\caches\modules-2\files-2.1\org.jetbrains.kotlin\kotlin-reflect\1.6.10\1cbe9c92c12a94eea200d23c2bbaedaf3daf5132\kotlin-reflect-1.6.10.jar;C:\Users\Gamer\.gradle\caches\modules-2\files-2.1\org.jetbrains.kotlin\kotlin-daemon-embeddable\1.8.20\c1b808fbe5fee60bd0504a54778120ef40f383d4\kotlin-daemon-embeddable-1.8.20.jar;C:\Users\Gamer\.gradle\caches\modules-2\files-2.1\org.jetbrains.intellij.deps\trove4j\1.0.20200330\3afb14d5f9ceb459d724e907a21145e8ff394f02\trove4j-1.0.20200330.jar;C:\Users\Gamer\.gradle\caches\modules-2\files-2.1\net.java.dev.jna\jna\5.6.0\330f2244e9030119ab3030fc3fededc86713d9cc\jna-5.6.0.jar;C:\Users\Gamer\.gradle\caches\modules-2\files-2.1\org.jetbrains.kotlin\kotlin-stdlib-common\1.8.20\5eddaaf234c8c49d03eebeb6a14feb7f90faca71\kotlin-stdlib-common-1.8.20.jar;C:\Users\Gamer\.gradle\caches\modules-2\files-2.1\org.jetbrains\annotations\13.0\919f0dfe192fb4e063e7dacadee7f8bb9a2672a9\annotations-13.0.jar
Launcher Type: SUN_STANDARD

[Global flags]
     intx CICompilerCount                          = 4                                         {product} {ergonomic}
     uint ConcGCThreads                            = 2                                         {product} {ergonomic}
     uint G1ConcRefinementThreads                  = 8                                         {product} {ergonomic}
   size_t G1HeapRegionSize                         = 1048576                                   {product} {ergonomic}
    uintx GCDrainStackTargetSize                   = 64                                        {product} {ergonomic}
   size_t InitialHeapSize                          = 67108864                                  {product} {ergonomic}
   size_t MarkStackSize                            = 4194304                                   {product} {ergonomic}
   size_t MaxHeapSize                              = 1071644672                                {product} {ergonomic}
   size_t MaxNewSize                               = 642777088                                 {product} {ergonomic}
   size_t MinHeapDeltaBytes                        = 1048576                                   {product} {ergonomic}
   size_t MinHeapSize                              = 8388608                                   {product} {ergonomic}
    uintx NonNMethodCodeHeapSize                   = 5839372                                {pd product} {ergonomic}
    uintx NonProfiledCodeHeapSize                  = 122909434                              {pd product} {ergonomic}
    uintx ProfiledCodeHeapSize                     = 122909434                              {pd product} {ergonomic}
    uintx ReservedCodeCacheSize                    = 251658240                              {pd product} {ergonomic}
     bool SegmentedCodeCache                       = true                                      {product} {ergonomic}
   size_t SoftMaxHeapSize                          = 1071644672                             {manageable} {ergonomic}
     bool UseCompressedClassPointers               = true                           {product lp64_product} {ergonomic}
     bool UseCompressedOops                        = true                           {product lp64_product} {ergonomic}
     bool UseG1GC                                  = true                                      {product} {ergonomic}
     bool UseLargePagesIndividualAllocation        = false                                  {pd product} {ergonomic}

Logging:
Log output configuration:
 #0: stdout all=warning uptime,level,tags
 #1: stderr all=off uptime,level,tags

Environment Variables:
PATH=C:\Windows\system32;C:\Windows;C:\Windows\System32\Wbem;C:\Windows\System32\WindowsPowerShell\v1.0\;C:\Windows\System32\OpenSSH\;C:\Program Files (x86)\NVIDIA Corporation\PhysX\Common;C:\Program Files\NVIDIA Corporation\NVIDIA NvDLISR;C:\Program Files\Common Files\Autodesk Shared\;C:\Program Files\Microsoft SQL Server\120\Tools\Binn\;C:\Program Files\Git\cmd;C:\Users\Gamer\AppData\Local\Microsoft\WindowsApps;
USERNAME=
OS=Windows_NT
PROCESSOR_IDENTIFIER=Intel64 Family 6 Model 30 Stepping 5, GenuineIntel
TMP=C:\Users\Gamer\AppData\Local\Temp
TEMP=C:\Users\Gamer\AppData\Local\Temp



---------------  S Y S T E M  ---------------

OS:
 Windows 10 , 64 bit Build 19041 (10.0.19041.3031)
OS uptime: 1 days 2:48 hours
Hyper-V role detected

CPU: total 8 (initial active 8) (4 cores per cpu, 2 threads per core) family 6 model 30 stepping 5 microcode 0xa, cx8, cmov, fxsr, ht, mmx, sse, sse2, sse3, ssse3, sse4.1, sse4.2, popcnt, tsc, tscinvbit, clflush, hv

Memory: 4k page, system-wide physical 4087M (188M free)
TotalPageFile size 16375M (AvailPageFile size 5M)
current process WorkingSet (physical memory assigned to process): 202M, peak: 216M
current process commit charge ("private bytes"): 304M, peak: 305M

vm_info: OpenJDK 64-Bit Server VM (17.0.6+0-b2043.56-9586694) for windows-amd64 JRE (17.0.6+0-b2043.56-9586694), built on Feb  9 2023 20:06:20 by "androidbuild" with MS VC++ 16.10 / 16.11 (VS2019)

END.
